\BOOKMARK [1][-]{section.1}{\376\377\176\374\217\360}{}% 1
\BOOKMARK [1][-]{section.2}{\376\377\173\227\154\325\116\313\176\315}{}% 2
\BOOKMARK [2][-]{subsection.2.1}{\376\377\176\330\122\066\176\277\153\265}{section.2}% 3
\BOOKMARK [3][-]{subsubsection.2.1.1}{\376\377\000D\000D\000A\173\227\154\325}{subsection.2.1}% 4
\BOOKMARK [3][-]{subsubsection.2.1.2}{\376\377\000B\000r\000e\000s\000e\000n\000h\000a\000m\173\227\154\325}{subsection.2.1}% 5
\BOOKMARK [3][-]{subsubsection.2.1.3}{\376\377\116\343\170\001\131\004\164\006}{subsection.2.1}% 6
\BOOKMARK [2][-]{subsection.2.2}{\376\377\176\330\122\066\131\032\217\271\137\142}{section.2}% 7
\BOOKMARK [2][-]{subsection.2.3}{\376\377\176\330\122\066\151\055\127\006}{section.2}% 8
\BOOKMARK [2][-]{subsection.2.4}{\376\377\176\330\122\066\146\362\176\277}{section.2}% 9
\BOOKMARK [3][-]{subsubsection.2.4.1}{\376\377\000B\000e\000z\000i\000e\000r\146\362\176\277}{subsection.2.4}% 10
\BOOKMARK [3][-]{subsubsection.2.4.2}{\376\377\000B\000-\000s\000p\000l\000i\000n\000e\146\362\176\277}{subsection.2.4}% 11
\BOOKMARK [3][-]{subsubsection.2.4.3}{\376\377\116\343\170\001\131\004\164\006}{subsection.2.4}% 12
\BOOKMARK [2][-]{subsection.2.5}{\376\377\136\163\171\373}{section.2}% 13
\BOOKMARK [2][-]{subsection.2.6}{\376\377\145\313\217\154}{section.2}% 14
\BOOKMARK [2][-]{subsection.2.7}{\376\377\177\051\145\076}{section.2}% 15
\BOOKMARK [2][-]{subsection.2.8}{\376\377\210\301\122\152}{section.2}% 16
\BOOKMARK [3][-]{subsubsection.2.8.1}{\376\377\000C\000o\000h\000e\000n\000-\000S\000u\000t\000h\000e\000r\000l\000a\000n\000d\173\227}{subsection.2.8}% 17
\BOOKMARK [3][-]{subsubsection.2.8.2}{\376\377\000L\000i\000a\000n\000g\000-\000B\000a\000r\000s\000k\000e\000y\173\227\154\325\154\325}{subsection.2.8}% 18
\BOOKMARK [1][-]{section.3}{\376\377\174\373\176\337\116\313\176\315}{}% 19
\BOOKMARK [2][-]{subsection.3.1}{\376\377\000C\000L\000I\150\106\147\266}{section.3}% 20
\BOOKMARK [2][-]{subsection.3.2}{\376\377\000G\000U\000I\150\106\147\266}{section.3}% 21
\BOOKMARK [2][-]{subsection.3.3}{\376\377\000G\000U\000I\122\237\200\375}{section.3}% 22
\BOOKMARK [3][-]{subsubsection.3.3.1}{\376\377\203\334\123\125\150\017}{subsection.3.3}% 23
\BOOKMARK [3][-]{subsubsection.3.3.2}{\376\377\176\330\126\376\135\345\121\167\150\017}{subsection.3.3}% 24
\BOOKMARK [3][-]{subsubsection.3.3.3}{\376\377\177\026\217\221\135\345\121\167\150\017}{subsection.3.3}% 25
\BOOKMARK [2][-]{subsection.3.4}{\376\377\230\235\131\026\122\237\200\375}{section.3}% 26
\BOOKMARK [1][-]{section.4}{\376\377\140\073\176\323}{}% 27
\BOOKMARK [2][-]{subsection.4.1}{\376\377\220\107\122\060\166\204\116\000\116\233\225\356\230\230}{section.4}% 28
\BOOKMARK [2][-]{subsection.4.2}{\376\377\0006\147\010\146\364\145\260}{section.4}% 29
